This is pdfTeX, Version 3.14159265-2.6-1.40.20 (TeX Live 2019/Debian) (preloaded format=latex 2021.3.25)  17 APR 2021 15:03
entering extended mode
 restricted \write18 enabled.
 %&-line parsing enabled.
**maphoon.tex
(./maphoon.tex
LaTeX2e <2020-02-02> patch level 2
L3 programming layer <2020-02-14>
(/usr/share/texlive/texmf-dist/tex/latex/base/article.cls
Document Class: article 2019/12/20 v1.4l Standard LaTeX document class
(/usr/share/texlive/texmf-dist/tex/latex/base/size10.clo
File: size10.clo 2019/12/20 v1.4l Standard LaTeX file (size option)
)
\c@part=\count167
\c@section=\count168
\c@subsection=\count169
\c@subsubsection=\count170
\c@paragraph=\count171
\c@subparagraph=\count172
\c@figure=\count173
\c@table=\count174
\abovecaptionskip=\skip47
\belowcaptionskip=\skip48
\bibindent=\dimen134
)
(/usr/share/texlive/texmf-dist/tex/latex/l3backend/l3backend-dvips.def
File: l3backend-dvips.def 2020-02-03 L3 backend support: dvips
\l__pdf_internal_box=\box45
\g__pdf_backend_object_int=\count175
\l__pdf_backend_content_box=\box46
\l__pdf_backend_model_box=\box47
\g__pdf_backend_annotation_int=\count176
\g__pdf_backend_link_int=\count177
\g__pdf_backend_link_sf_int=\count178
)
(./maphoon.aux)
\openout1 = `maphoon.aux'.

LaTeX Font Info:    Checking defaults for OML/cmm/m/it on input line 6.
LaTeX Font Info:    ... okay on input line 6.
LaTeX Font Info:    Checking defaults for OMS/cmsy/m/n on input line 6.
LaTeX Font Info:    ... okay on input line 6.
LaTeX Font Info:    Checking defaults for OT1/cmr/m/n on input line 6.
LaTeX Font Info:    ... okay on input line 6.
LaTeX Font Info:    Checking defaults for T1/cmr/m/n on input line 6.
LaTeX Font Info:    ... okay on input line 6.
LaTeX Font Info:    Checking defaults for TS1/cmr/m/n on input line 6.
LaTeX Font Info:    ... okay on input line 6.
LaTeX Font Info:    Checking defaults for OMX/cmex/m/n on input line 6.
LaTeX Font Info:    ... okay on input line 6.
LaTeX Font Info:    Checking defaults for U/cmr/m/n on input line 6.
LaTeX Font Info:    ... okay on input line 6.
LaTeX Font Info:    External font `cmex10' loaded for size
(Font)              <12> on input line 8.
LaTeX Font Info:    External font `cmex10' loaded for size
(Font)              <8> on input line 8.
LaTeX Font Info:    External font `cmex10' loaded for size
(Font)              <6> on input line 8.
LaTeX Font Info:    External font `cmex10' loaded for size
(Font)              <9> on input line 13.
LaTeX Font Info:    External font `cmex10' loaded for size
(Font)              <5> on input line 13.
LaTeX Font Info:    External font `cmex10' loaded for size
(Font)              <7> on input line 46.
 [1

] [2] [3] [4] [5] [6]
Overfull \hbox (4.77736pt too wide) in paragraph at lines 431--435
[]\OT1/cmr/m/n/10 If the rule has form [][]\OT1/cmtt/m/n/10 A : B C D E[]\OT1/c
mr/m/n/10 , then the to-kens cor-re-spond-ing to [][]\OT1/cmtt/m/n/10 B,C,D,E
 []


Overfull \hbox (10.01794pt too wide) in paragraph at lines 440--450
\OT1/cmr/m/n/10 The avail-able pa-ram-e-ters are [][]\OT1/cmtt/m/n/10 LPAR1, E2
, LPAR3[]\OT1/cmr/m/n/10 . The ex-pres-sion [][]\OT1/cmtt/m/n/10 *E2  []\OT1/cm
r/m/n/10 refers
 []

[7]
Overfull \hbox (0.7179pt too wide) in paragraph at lines 499--507
\OT1/cmr/m/n/10 The strings [][]\OT1/cmtt/m/n/10 CONST AND CONST AND CONST []\O
T1/cmr/m/n/10 and [][]\OT1/cmtt/m/n/10 CONST AND CONST OR CONST []\OT1/cmr/m/n/
10 can
 []


Overfull \hbox (6.74693pt too wide) in paragraph at lines 512--512
[]\OT1/cmtt/m/n/10 Formula  => Formula2 IMP Formula | Formula2 ;  // left assoc
iative.[] 
 []

[8] [9]
Overfull \hbox (5.4972pt too wide) in paragraph at lines 600--600
 []   \OT1/cmtt/m/n/10 t. val. push_back( memory [ IDENTIFIER1 -> id. front( ) 
]);[] 
 []


Overfull \hbox (1.49698pt too wide) in paragraph at lines 642--642
[]      \OT1/cmtt/m/n/10 std::list< token > :: iterator Tn, // one parameter fo
r each[] 
 []


Overfull \hbox (9.44803pt too wide) in paragraph at lines 660--660
[]\OT1/cmr/bx/n/14.4 Syntax Er-rors and How to Re-cover from Them 
 []


Overfull \hbox (34.94366pt too wide) in paragraph at lines 662--669
\OT1/cmr/m/n/10 When it en-coun-ters an er-ror, the parser first calls method [
][]\OT1/cmtt/m/n/10 tokenizer::syntaxerror( )[]\OT1/cmr/m/n/10 .
 []

[10]
Overfull \hbox (16.04608pt too wide) in paragraph at lines 709--728
\OT1/cmr/m/n/10 a looka-head from the to-k-enizer. Sup-pose that one has rule [
][]\OT1/cmtt/m/n/10 S => E SEMICOLON[]\OT1/cmr/m/n/10 .
 []

[11]
LaTeX Font Info:    External font `cmex10' loaded for size
(Font)              <14.4> on input line 735.
 [12]
Overfull \hbox (13.04605pt too wide) in paragraph at lines 842--846
\OT1/cmr/m/n/10 threw away more than re-cov-er-length sym-bols. In that case, [
][]\OT1/cmtt/m/n/10 read. lookahead
 []

[13] [14] (./maphoon.aux) ) 
Here is how much of TeX's memory you used:
 420 strings out of 481240
 6902 string characters out of 5920403
 242559 words of memory out of 5000000
 15752 multiletter control sequences out of 15000+600000
 539137 words of font info for 47 fonts, out of 8000000 for 9000
 1141 hyphenation exceptions out of 8191
 25i,6n,19p,168b,325s stack positions out of 5000i,500n,10000p,200000b,80000s

Output written on maphoon.dvi (14 pages, 42040 bytes).
