This is pdfTeX, Version 3.14159265-2.6-1.40.20 (TeX Live 2019/Debian) (preloaded format=latex 2020.10.30)  18 MAY 2021 14:53
entering extended mode
 restricted \write18 enabled.
 %&-line parsing enabled.
**instructions.tex
(./instructions.tex
LaTeX2e <2020-02-02> patch level 2
L3 programming layer <2020-02-14>
(/usr/share/texlive/texmf-dist/tex/latex/base/article.cls
Document Class: article 2019/12/20 v1.4l Standard LaTeX document class
(/usr/share/texlive/texmf-dist/tex/latex/base/size10.clo
File: size10.clo 2019/12/20 v1.4l Standard LaTeX file (size option)
)
\c@part=\count167
\c@section=\count168
\c@subsection=\count169
\c@subsubsection=\count170
\c@paragraph=\count171
\c@subparagraph=\count172
\c@figure=\count173
\c@table=\count174
\abovecaptionskip=\skip47
\belowcaptionskip=\skip48
\bibindent=\dimen134
)
(/usr/share/texlive/texmf-dist/tex/latex/l3backend/l3backend-dvips.def
File: l3backend-dvips.def 2020-02-03 L3 backend support: dvips
\l__pdf_internal_box=\box45
\g__pdf_backend_object_int=\count175
\l__pdf_backend_content_box=\box46
\l__pdf_backend_model_box=\box47
\g__pdf_backend_annotation_int=\count176
\g__pdf_backend_link_int=\count177
\g__pdf_backend_link_sf_int=\count178
)
(./instructions.aux)
\openout1 = `instructions.aux'.

LaTeX Font Info:    Checking defaults for OML/cmm/m/it on input line 6.
LaTeX Font Info:    ... okay on input line 6.
LaTeX Font Info:    Checking defaults for OMS/cmsy/m/n on input line 6.
LaTeX Font Info:    ... okay on input line 6.
LaTeX Font Info:    Checking defaults for OT1/cmr/m/n on input line 6.
LaTeX Font Info:    ... okay on input line 6.
LaTeX Font Info:    Checking defaults for T1/cmr/m/n on input line 6.
LaTeX Font Info:    ... okay on input line 6.
LaTeX Font Info:    Checking defaults for TS1/cmr/m/n on input line 6.
LaTeX Font Info:    ... okay on input line 6.
LaTeX Font Info:    Checking defaults for OMX/cmex/m/n on input line 6.
LaTeX Font Info:    ... okay on input line 6.
LaTeX Font Info:    Checking defaults for U/cmr/m/n on input line 6.
LaTeX Font Info:    ... okay on input line 6.
LaTeX Font Info:    External font `cmex10' loaded for size
(Font)              <12> on input line 8.
LaTeX Font Info:    External font `cmex10' loaded for size
(Font)              <8> on input line 8.
LaTeX Font Info:    External font `cmex10' loaded for size
(Font)              <6> on input line 8.
LaTeX Font Info:    External font `cmex10' loaded for size
(Font)              <7> on input line 31.
LaTeX Font Info:    External font `cmex10' loaded for size
(Font)              <5> on input line 31.
 [1

]
Overfull \hbox (6.74693pt too wide) in paragraph at lines 119--119
[]   \OT1/cmtt/m/n/10 tc_add = 10, tc_sub = 11, tc_mul = 12, tc_div = 13, tc_mo
d = 14,[] 
 []

[2]
Overfull \hbox (27.74675pt too wide) in paragraph at lines 170--170
[]               \OT1/cmtt/m/n/10 ( just('.') * ( range('0', '9').plus()) ). op
tional( ) *[] 
 []

[3]
Overfull \hbox (6.11058pt too wide) in paragraph at lines 180--183
[]\OT1/cmr/m/n/10 Currently, the clas-si-fier will re-ject whites-pace, so we a
dd [][]\OT1/cmtt/m/n/10 tc_whitespace = 40
 []


Overfull \hbox (38.24666pt too wide) in paragraph at lines 195--195
[]                    \OT1/cmtt/m/n/10 ( every<char>(). without('\n') ).star() 
* just('\n');[] 
 []


Overfull \hbox (48.74657pt too wide) in paragraph at lines 195--195
[]       \OT1/cmtt/m/n/10 ( just('*').plus() * every<char>().without('/').witho
ut('*')).star()[] 
 []

[4]
Overfull \hbox (16.11046pt too wide) in paragraph at lines 230--232
\OT1/cmr/m/n/10 We pro-vide two classes that pro-vide these meth-ods: [][]\OT1/
cmtt/m/n/10 filereader []\OT1/cmr/m/n/10 and [][]\OT1/cmtt/m/n/10 stringreader[
]\OT1/cmr/m/n/10 . 
 []

[5]
Overfull \hbox (31.16628pt too wide) in paragraph at lines 323--328
\OT1/cmr/m/n/10 code that can be later com-piled, and which can re-place the ca
ll to [][]\OT1/cmtt/m/n/10 buildclassifier( )[]\OT1/cmr/m/n/10 . 
 []

[6]
Overfull \hbox (63.24669pt too wide) in paragraph at lines 368--368
 []   \OT1/cmtt/m/n/10 const std::function< void( std::ostream& out, const C& c
 ) > & printC,[] 
 []


Overfull \hbox (68.49664pt too wide) in paragraph at lines 368--368
 []   \OT1/cmtt/m/n/10 const std::function< void( std::ostream& out, const T& t
 ) > & printT )[] 
 []

[7]
Overfull \hbox (0.24724pt too wide) in paragraph at lines 419--419
 []      \OT1/cmtt/m/n/10 const lexing::classifier<C,T> & cl, std::ostream& fil
e,[] 
 []


Overfull \hbox (78.99655pt too wide) in paragraph at lines 419--419
 []      \OT1/cmtt/m/n/10 const std::function< void( std::ostream& out, const C
& t ) > & printC,[] 
 []


Overfull \hbox (84.2465pt too wide) in paragraph at lines 419--419
 []      \OT1/cmtt/m/n/10 const std::function< void( std::ostream& out, const T
& t ) > & printT )[] 
 []

[8] [9] (./instructions.aux) ) 
Here is how much of TeX's memory you used:
 400 strings out of 481240
 6691 string characters out of 5920402
 242560 words of memory out of 5000000
 15737 multiletter control sequences out of 15000+600000
 537088 words of font info for 40 fonts, out of 8000000 for 9000
 1141 hyphenation exceptions out of 8191
 25i,8n,19p,176b,312s stack positions out of 5000i,500n,10000p,200000b,80000s

Output written on instructions.dvi (9 pages, 18012 bytes).
